<?xml version="1.0" encoding="UTF-8"?>
<!-- Generated by org.testng.reporters.JUnitReportReporter -->
<testsuite hostname="Admin" name="wanasa.HomePageTest" tests="1" failures="0" timestamp="6 Nov 2019 06:55:57 GMT" time="9.174" errors="0">
  <testcase name="verifysignup" time="9.174" classname="wanasa.HomePageTest"/>
</testsuite> <!-- wanasa.HomePageTest -->
