<?xml version="1.0" encoding="UTF-8"?>
<!-- Generated by org.testng.reporters.JUnitReportReporter -->
<testsuite hostname="Admin" name="wanasaTest.test" tests="3" failures="0" timestamp="8 Nov 2019 09:45:39 GMT" time="86.199" errors="0">
  <testcase name="evouchersFileter" time="19.965" classname="wanasaTest.test"/>
  <testcase name="verifysearchbookingistory" time="17.348" classname="wanasaTest.test"/>
  <testcase name="verifyuseroperations" time="48.886" classname="wanasaTest.test"/>
</testsuite> <!-- wanasaTest.test -->
