<?xml version="1.0" encoding="UTF-8"?>
<!-- Generated by org.testng.reporters.JUnitReportReporter -->
<testsuite hostname="Admin" name="wanasa.useroperations" tests="1" failures="0" timestamp="3 Jul 2019 10:35:47 GMT" time="59.689" errors="0">
  <testcase name="useroperations" time="59.689" classname="wanasa.useroperations"/>
</testsuite> <!-- wanasa.useroperations -->
