<?xml version="1.0" encoding="UTF-8"?>
<!-- Generated by org.testng.reporters.JUnitReportReporter -->
<testsuite hostname="Admin" name="wanasaTest.HomePageTest" tests="1" failures="0" timestamp="8 Nov 2019 11:00:49 GMT" time="24.323" errors="0">
  <testcase name="verifyfooterlinks" time="24.323" classname="wanasaTest.HomePageTest"/>
</testsuite> <!-- wanasaTest.HomePageTest -->
